Removed Pin From Net: NetName=NetC9_2 Pin=P1-1
Removed Pin From Net: NetName=NetC10_2 Pin=P1-2
Removed Pin From Net: NetName=NetP1_3 Pin=P1-3
Removed Pin From Net: NetName=NetP1_4 Pin=P1-4
Removed Pin From Net: NetName=NetP1_5 Pin=P1-5
Removed Pin From Net: NetName=NetC15_2 Pin=P1-6
Removed Pin From Net: NetName=NetC16_2 Pin=P1-7
Removed Pin From Net: NetName=NetP1_8 Pin=P1-8
Removed Pin From Net: NetName=NetP1_9 Pin=P1-9
Removed Pin From Net: NetName=NetP1_10 Pin=P1-10
Removed Pin From Net: NetName=NetP1_11 Pin=P1-11
Removed Pin From Net: NetName=NetP1_12 Pin=P1-12
Removed Pin From Net: NetName=NetP1_13 Pin=P1-13
Removed Pin From Net: NetName=GND Pin=P1-14
Removed Pin From Net: NetName=NetP2_1 Pin=P2-1
Removed Pin From Net: NetName=NetP2_2 Pin=P2-2
Removed Pin From Net: NetName=NetP2_3 Pin=P2-3
Removed Pin From Net: NetName=NetP2_4 Pin=P2-4
Removed Pin From Net: NetName=NetP2_5 Pin=P2-5
Removed Pin From Net: NetName=NetP2_6 Pin=P2-6
Removed Pin From Net: NetName=NetC5_1 Pin=P2-7
Removed Pin From Net: NetName=NetP2_8 Pin=P2-8
Removed Pin From Net: NetName=NetP2_9 Pin=P2-9
Removed Pin From Net: NetName=NetC1_1 Pin=P2-10
Removed Pin From Net: NetName=NetP2_11 Pin=P2-11
Removed Pin From Net: NetName=NetC3_1 Pin=P2-12
Removed Pin From Net: NetName=GND Pin=P2-13
Removed Pin From Net: NetName=GND Pin=P2-14
Added Component: Designator=P1(HDR1X14)
Add component (AddParameter): Name = "LatestRevisionDate"; Value = "17-Jul-2002"; VariantName = "[No Variations]"
Add component (AddParameter): Name = "LatestRevisionNote"; Value = "Re-released for DXP Platform."; VariantName = "[No Variations]"
Add component (AddParameter): Name = "Publisher"; Value = "Altium Limited"; VariantName = "[No Variations]"
Added Component: Designator=P2(HDR1X14)
Add component (AddParameter): Name = "LatestRevisionDate"; Value = "17-Jul-2002"; VariantName = "[No Variations]"
Add component (AddParameter): Name = "LatestRevisionNote"; Value = "Re-released for DXP Platform."; VariantName = "[No Variations]"
Add component (AddParameter): Name = "Publisher"; Value = "Altium Limited"; VariantName = "[No Variations]"
Added Pin To Net: NetName=NetC9_2 Pin=P1-1
Added Pin To Net: NetName=NetC10_2 Pin=P1-2
Added Pin To Net: NetName=NetP1_3 Pin=P1-3
Added Pin To Net: NetName=NetP1_4 Pin=P1-4
Added Pin To Net: NetName=NetP1_5 Pin=P1-5
Added Pin To Net: NetName=NetC15_2 Pin=P1-6
Added Pin To Net: NetName=NetC16_2 Pin=P1-7
Added Pin To Net: NetName=NetP1_8 Pin=P1-8
Added Pin To Net: NetName=NetP1_9 Pin=P1-9
Added Pin To Net: NetName=NetP1_10 Pin=P1-10
Added Pin To Net: NetName=NetP1_11 Pin=P1-11
Added Pin To Net: NetName=NetP1_12 Pin=P1-12
Added Pin To Net: NetName=NetP1_13 Pin=P1-13
Added Pin To Net: NetName=GND Pin=P1-14
Added Pin To Net: NetName=NetP2_1 Pin=P2-1
Added Pin To Net: NetName=NetP2_2 Pin=P2-2
Added Pin To Net: NetName=NetP2_3 Pin=P2-3
Added Pin To Net: NetName=NetP2_4 Pin=P2-4
Added Pin To Net: NetName=NetP2_5 Pin=P2-5
Added Pin To Net: NetName=NetP2_6 Pin=P2-6
Added Pin To Net: NetName=NetC5_1 Pin=P2-7
Added Pin To Net: NetName=NetP2_8 Pin=P2-8
Added Pin To Net: NetName=NetP2_9 Pin=P2-9
Added Pin To Net: NetName=NetC1_1 Pin=P2-10
Added Pin To Net: NetName=NetP2_11 Pin=P2-11
Added Pin To Net: NetName=NetC3_1 Pin=P2-12
Added Pin To Net: NetName=GND Pin=P2-13
Added Pin To Net: NetName=GND Pin=P2-14
