Removed Pin From Net: NetName=AREF Pin=P3-1
Removed Pin From Net: NetName=A0 Pin=P3-2
Removed Pin From Net: NetName=A1 Pin=P3-3
Removed Pin From Net: NetName=A2 Pin=P3-4
Removed Pin From Net: NetName=A3 Pin=P3-5
Removed Pin From Net: NetName=A4 Pin=P3-6
Removed Pin From Net: NetName=A5 Pin=P3-7
Removed Pin From Net: NetName=A6 Pin=P3-8
Removed Pin From Net: NetName=RX0 Pin=P3-9
Removed Pin From Net: NetName=D1 Pin=P3-10
Removed Pin From Net: NetName=D2 Pin=P3-11
Removed Pin From Net: NetName=D3 Pin=P3-12
Removed Pin From Net: NetName=D4 Pin=P3-13
Removed Pin From Net: NetName=D5 Pin=P3-14
Removed Pin From Net: NetName=D6 Pin=P3-15
Removed Pin From Net: NetName=D7 Pin=P3-16
Removed Pin From Net: NetName=B0 Pin=P3-17
Removed Pin From Net: NetName=B1 Pin=P3-18
Removed Pin From Net: NetName=B2 Pin=P3-19
Removed Pin From Net: NetName=B3 Pin=P3-20
Removed Pin From Net: NetName=B4 Pin=P3-21
Removed Pin From Net: NetName=B5 Pin=P3-22
Removed Pin From Net: NetName=B6 Pin=P3-23
Removed Pin From Net: NetName=B7 Pin=P3-24
Removed Member From Class: ClassName=Midi_to_CV Member=P3
